0 info it worked if it ends with ok
1 verbose cli [ '/Users/hisa/.nodebrew/current/bin/node',
1 verbose cli   '/Users/hisa/.nodebrew/current/bin/npm',
1 verbose cli   'test' ]
2 info using npm@2.11.2
3 info using node@v0.12.6
4 verbose node symlink /Users/hisa/.nodebrew/current/bin/node
5 verbose stack Error: ENOENT, open '/Users/hisa/development/work-git/package.json'
5 verbose stack     at Error (native)
6 verbose cwd /Users/hisa/development/work-git/matrix2
7 error Darwin 13.4.0
8 error argv "/Users/hisa/.nodebrew/current/bin/node" "/Users/hisa/.nodebrew/current/bin/npm" "test"
9 error node v0.12.6
10 error npm  v2.11.2
11 error path /Users/hisa/development/work-git/package.json
12 error code ENOENT
13 error errno -2
14 error enoent ENOENT, open '/Users/hisa/development/work-git/package.json'
14 error enoent This is most likely not a problem with npm itself
14 error enoent and is related to npm not being able to find a file.
15 verbose exit [ -2, true ]
